<?xml version="1.0" encoding="UTF-8"?>
<testsuite xmlns:xsi="http://www.w3.org/2001/XMLSchema-instance" xsi:noNamespaceSchemaLocation="https://maven.apache.org/surefire/maven-surefire-plugin/xsd/surefire-test-report.xsd" name="org.wso2.carbon.identity.conditional.auth.functions.opa.InvokeOpaFunctionImplTest" time="30.304" tests="0" errors="0" skipped="0" failures="0">
  <properties>
    <property name="sun.desktop" value="gnome"/>
    <property name="awt.toolkit" value="sun.awt.X11.XToolkit"/>
    <property name="file.encoding.pkg" value="sun.io"/>
    <property name="java.specification.version" value="1.8"/>
    <property name="sun.cpu.isalist" value=""/>
    <property name="sun.jnu.encoding" value="UTF-8"/>
    <property name="java.class.path" value="/home/wso2/Desktop/nima/identity-application-authz-opa/components/org.wso2.carbon.identity.conditional.auth.functions.opa/target/test-classes:/home/wso2/Desktop/nima/identity-application-authz-opa/components/org.wso2.carbon.identity.conditional.auth.functions.opa/target/classes:/home/wso2/.m2/repository/commons-lang/wso2/commons-lang/2.6.0.wso2v1/commons-lang-2.6.0.wso2v1.jar:/home/wso2/.m2/repository/org/wso2/carbon/org.wso2.carbon.logging/4.4.32/org.wso2.carbon.logging-4.4.32.jar:/home/wso2/.m2/repository/org/apache/log4j/wso2/log4j/1.2.17.wso2v1/log4j-1.2.17.wso2v1.jar:/home/wso2/.m2/repository/log4j/log4j/1.2.17/log4j-1.2.17.jar:/home/wso2/.m2/repository/commons-logging/commons-logging/1.2/commons-logging-1.2.jar:/home/wso2/.m2/repository/org/wso2/carbon/org.wso2.carbon.bootstrap/4.4.32/org.wso2.carbon.bootstrap-4.4.32.jar:/home/wso2/.m2/repository/wrapper/wrapper/3.2.3/wrapper-3.2.3.jar:/home/wso2/.m2/repository/org/eclipse/osgi/org.eclipse.osgi/3.9.1.v20130814-1242/org.eclipse.osgi-3.9.1.v20130814-1242.jar:/home/wso2/.m2/repository/org/wso2/carbon/org.wso2.carbon.core/4.4.32/org.wso2.carbon.core-4.4.32.jar:/home/wso2/.m2/repository/org/wso2/orbit/com/hazelcast/hazelcast/3.5.4.wso2v2/hazelcast-3.5.4.wso2v2.jar:/home/wso2/.m2/repository/com/hazelcast/hazelcast-all/3.5.4/hazelcast-all-3.5.4.jar:/home/wso2/.m2/repository/org/eclipse/osgi/org.eclipse.osgi.services/3.3.100.v20130513-1956/org.eclipse.osgi.services-3.3.100.v20130513-1956.jar:/home/wso2/.m2/repository/org/eclipse/equinox/org.eclipse.equinox.http.helper/1.1.0.wso2v1/org.eclipse.equinox.http.helper-1.1.0.wso2v1.jar:/home/wso2/.m2/repository/org/wso2/orbit/org/bouncycastle/bcprov-jdk15on/1.52.0.wso2v1/bcprov-jdk15on-1.52.0.wso2v1.jar:/home/wso2/.m2/repository/org/bouncycastle/bcprov-jdk15on/1.52/bcprov-jdk15on-1.52.jar:/home/wso2/.m2/repository/org/wso2/carbon/javax.cache.wso2/4.4.32/javax.cache.wso2-4.4.32.jar:/home/wso2/.m2/repository/org/apache/geronimo/specs/geronimo-jta_1.1_spec/1.1/geronimo-jta_1.1_spec-1.1.jar:/home/wso2/.m2/repository/org/wso2/carbon/org.wso2.carbon.registry.core/4.4.32/org.wso2.carbon.registry.core-4.4.32.jar:/home/wso2/.m2/repository/commons-io/wso2/commons-io/2.4.0.wso2v1/commons-io-2.4.0.wso2v1.jar:/home/wso2/.m2/repository/net/sourceforge/findbugs/annotations/1.3.2/annotations-1.3.2.jar:/home/wso2/.m2/repository/org/apache/ws/commons/schema/wso2/XmlSchema/1.4.7.wso2v3/XmlSchema-1.4.7.wso2v3.jar:/home/wso2/.m2/repository/org/wso2/carbon/org.wso2.carbon.registry.xboot/4.4.32/org.wso2.carbon.registry.xboot-4.4.32.jar:/home/wso2/.m2/repository/org/wso2/securevault/org.wso2.securevault/1.0.0-wso2v2/org.wso2.securevault-1.0.0-wso2v2.jar:/home/wso2/.m2/repository/org/apache/ws/commons/axiom/axiom-api/1.2.11/axiom-api-1.2.11.jar:/home/wso2/.m2/repository/org/apache/geronimo/specs/geronimo-activation_1.1_spec/1.0.2/geronimo-activation_1.1_spec-1.0.2.jar:/home/wso2/.m2/repository/org/apache/geronimo/specs/geronimo-javamail_1.4_spec/1.6/geronimo-javamail_1.4_spec-1.6.jar:/home/wso2/.m2/repository/org/apache/ws/commons/axiom/axiom-impl/1.2.11/axiom-impl-1.2.11.jar:/home/wso2/.m2/repository/org/codehaus/woodstox/wstx-asl/3.2.9/wstx-asl-3.2.9.jar:/home/wso2/.m2/repository/jline/jline/0.9.94/jline-0.9.94.jar:/home/wso2/.m2/repository/commons-cli/commons-cli/1.0/commons-cli-1.0.jar:/home/wso2/.m2/repository/commons-io/commons-io/2.0/commons-io-2.0.jar:/home/wso2/.m2/repository/org/compass-project/wso2/compass/2.0.1.wso2v2/compass-2.0.1.wso2v2.jar:/home/wso2/.m2/repository/org/apache/abdera/wso2/abdera/1.0.0.wso2v3/abdera-1.0.0.wso2v3.jar:/home/wso2/.m2/repository/org/wso2/orbit/org/apache/tomcat/jdbc-pool/7.0.81.wso2v2/jdbc-pool-7.0.81.wso2v2.jar:/home/wso2/.m2/repository/commons-pool/wso2/commons-pool/1.5.6.wso2v1/commons-pool-1.5.6.wso2v1.jar:/home/wso2/.m2/repository/commons-pool/commons-pool/1.5.6/commons-pool-1.5.6.jar:/home/wso2/.m2/repository/org/wso2/carbon/org.wso2.carbon.user.core/4.4.32/org.wso2.carbon.user.core-4.4.32.jar:/home/wso2/.m2/repository/commons-dbcp/wso2/commons-dbcp/1.4.0.wso2v1/commons-dbcp-1.4.0.wso2v1.jar:/home/wso2/.m2/repository/org/wso2/orbit/commons-collections/commons-collections/3.2.2.wso2v1/commons-collections-3.2.2.wso2v1.jar:/home/wso2/.m2/repository/org/apache/axis2/wso2/axis2/1.6.1-wso2v27/axis2-1.6.1-wso2v27.jar:/home/wso2/.m2/repository/org/wso2/orbit/org/apache/neethi/neethi/2.0.4.wso2v5/neethi-2.0.4.wso2v5.jar:/home/wso2/.m2/repository/org/apache/httpcomponents/wso2/httpcore/4.3.3.wso2v1/httpcore-4.3.3.wso2v1.jar:/home/wso2/.m2/repository/com/google/code/gson/gson/2.3.1/gson-2.3.1.jar:/home/wso2/.m2/repository/org/apache/tomcat/tomcat-catalina-ha/7.0.85/tomcat-catalina-ha-7.0.85.jar:/home/wso2/.m2/repository/org/apache/tomcat/tomcat-juli/7.0.85/tomcat-juli-7.0.85.jar:/home/wso2/.m2/repository/org/apache/tomcat/tomcat-tribes/7.0.85/tomcat-tribes-7.0.85.jar:/home/wso2/.m2/repository/org/apache/tomcat/tomcat-catalina/7.0.85/tomcat-catalina-7.0.85.jar:/home/wso2/.m2/repository/org/apache/tomcat/tomcat-annotations-api/7.0.85/tomcat-annotations-api-7.0.85.jar:/home/wso2/.m2/repository/org/apache/tomcat/tomcat-api/7.0.85/tomcat-api-7.0.85.jar:/home/wso2/.m2/repository/org/apache/tomcat/tomcat-util/7.0.85/tomcat-util-7.0.85.jar:/home/wso2/.m2/repository/wsdl4j/wso2/wsdl4j/1.6.2.wso2v4/wsdl4j-1.6.2.wso2v4.jar:/home/wso2/.m2/repository/org/wso2/carbon/identity/framework/org.wso2.carbon.identity.application.authentication.framework/5.14.62/org.wso2.carbon.identity.application.authentication.framework-5.14.62.jar:/home/wso2/.m2/repository/org/wso2/carbon/identity/framework/org.wso2.carbon.identity.template.mgt/5.14.62/org.wso2.carbon.identity.template.mgt-5.14.62.jar:/home/wso2/.m2/repository/org/wso2/carbon/utils/org.wso2.carbon.database.utils/2.0.7/org.wso2.carbon.database.utils-2.0.7.jar:/home/wso2/.m2/repository/commons-dbcp/commons-dbcp/1.4/commons-dbcp-1.4.jar:/home/wso2/.m2/repository/commons-lang/commons-lang/2.6/commons-lang-2.6.jar:/home/wso2/.m2/repository/org/apache/felix/org.apache.felix.scr.ds-annotations/1.2.8/org.apache.felix.scr.ds-annotations-1.2.8.jar:/home/wso2/.m2/repository/org/wso2/carbon/identity/framework/org.wso2.carbon.identity.base/5.14.62/org.wso2.carbon.identity.base-5.14.62.jar:/home/wso2/.m2/repository/org/apache/rampart/wso2/rampart-core/1.6.1-wso2v36/rampart-core-1.6.1-wso2v36.jar:/home/wso2/.m2/repository/org/apache/axis2/axis2-kernel/1.6.1-wso2v37/axis2-kernel-1.6.1-wso2v37.jar:/home/wso2/.m2/repository/org/apache/geronimo/specs/geronimo-ws-metadata_2.0_spec/1.1.2/geronimo-ws-metadata_2.0_spec-1.1.2.jar:/home/wso2/.m2/repository/commons-httpclient/commons-httpclient/3.1/commons-httpclient-3.1.jar:/home/wso2/.m2/repository/wsdl4j/wsdl4j/1.6.2/wsdl4j-1.6.2.jar:/home/wso2/.m2/repository/org/apache/neethi/neethi/2.0.4/neethi-2.0.4.jar:/home/wso2/.m2/repository/org/apache/woden/woden-api/1.0M9/woden-api-1.0M9.jar:/home/wso2/.m2/repository/org/apache/ws/commons/schema/XmlSchema/1.4.7/XmlSchema-1.4.7.jar:/home/wso2/.m2/repository/org/apache/woden/woden-impl-dom/1.0M9/woden-impl-dom-1.0M9.jar:/home/wso2/.m2/repository/org/apache/woden/woden-impl-commons/1.0M9/woden-impl-commons-1.0M9.jar:/home/wso2/.m2/repository/javax/ws/rs/jsr311-api/1.0/jsr311-api-1.0.jar:/home/wso2/.m2/repository/org/opensaml/opensaml1/1.1/opensaml1-1.1.jar:/home/wso2/.m2/repository/org/opensaml/opensaml/2.6.4/opensaml-2.6.4.jar:/home/wso2/.m2/repository/org/opensaml/openws/1.5.4/openws-1.5.4.jar:/home/wso2/.m2/repository/org/opensaml/xmltooling/1.4.4/xmltooling-1.4.4.jar:/home/wso2/.m2/repository/ca/juliusdavies/not-yet-commons-ssl/0.3.9/not-yet-commons-ssl-0.3.9.jar:/home/wso2/.m2/repository/commons-collections/commons-collections/3.2.1/commons-collections-3.2.1.jar:/home/wso2/.m2/repository/org/apache/velocity/velocity/1.7/velocity-1.7.jar:/home/wso2/.m2/repository/org/owasp/esapi/esapi/2.0.1/esapi-2.0.1.jar:/home/wso2/.m2/repository/joda-time/joda-time/2.2/joda-time-2.2.jar:/home/wso2/.m2/repository/org/apache/santuario/xmlsec/1.5.7/xmlsec-1.5.7.jar:/home/wso2/.m2/repository/org/apache/ws/security/wso2/wss4j/1.5.11-wso2v18/wss4j-1.5.11-wso2v18.jar:/home/wso2/.m2/repository/org/wso2/carbon/identity/framework/org.wso2.carbon.identity.core/5.14.62/org.wso2.carbon.identity.core-5.14.62.jar:/home/wso2/.m2/repository/org/wso2/orbit/org/opensaml/opensaml/2.6.6.wso2v3/opensaml-2.6.6.wso2v3.jar:/home/wso2/.m2/repository/org/wso2/orbit/joda-time/joda-time/2.8.2.wso2v1/joda-time-2.8.2.wso2v1.jar:/home/wso2/.m2/repository/org/apache/ws/commons/axiom/wso2/axiom/1.2.11-wso2v16/axiom-1.2.11-wso2v16.jar:/home/wso2/.m2/repository/org/apache/geronimo/specs/wso2/geronimo-stax-api_1.0_spec/1.0.1.wso2v2/geronimo-stax-api_1.0_spec-1.0.1.wso2v2.jar:/home/wso2/.m2/repository/org/apache/geronimo/specs/geronimo-stax-api_1.0_spec/1.0.1/geronimo-stax-api_1.0_spec-1.0.1.jar:/home/wso2/.m2/repository/org/codehaus/woodstox/woodstox-core-asl/4.2.0/woodstox-core-asl-4.2.0.jar:/home/wso2/.m2/repository/org/codehaus/woodstox/stax2-api/3.1.4/stax2-api-3.1.4.jar:/home/wso2/.m2/repository/org/wso2/carbon/commons/org.wso2.carbon.tenant.common/4.7.2/org.wso2.carbon.tenant.common-4.7.2.jar:/home/wso2/.m2/repository/org/apache/commons/commons-lang3/3.1/commons-lang3-3.1.jar:/home/wso2/.m2/repository/org/slf4j/slf4j-api/1.7.21/slf4j-api-1.7.21.jar:/home/wso2/.m2/repository/org/slf4j/slf4j-simple/1.7.21/slf4j-simple-1.7.21.jar:/home/wso2/.m2/repository/ua/parser/wso2/ua-parser/1.3.0.wso2v2/ua-parser-1.3.0.wso2v2.jar:/home/wso2/.m2/repository/commons-codec/wso2/commons-codec/1.4.0.wso2v1/commons-codec-1.4.0.wso2v1.jar:/home/wso2/.m2/repository/commons-codec/commons-codec/1.4/commons-codec-1.4.jar:/home/wso2/.m2/repository/org/wso2/carbon/org.wso2.carbon.ui/4.5.0-beta/org.wso2.carbon.ui-4.5.0-beta.jar:/home/wso2/.m2/repository/org/eclipse/platform/org.eclipse.osgi/3.14.0/org.eclipse.osgi-3.14.0.jar:/home/wso2/.m2/repository/org/apache/tiles/wso2/tiles-jsp/2.0.5.wso2v1/tiles-jsp-2.0.5.wso2v1.jar:/home/wso2/.m2/repository/org/wso2/carbon/org.wso2.carbon.authenticator.proxy/4.5.0-beta/org.wso2.carbon.authenticator.proxy-4.5.0-beta.jar:/home/wso2/.m2/repository/org/wso2/carbon/org.wso2.carbon.authenticator.stub/4.5.0-beta/org.wso2.carbon.authenticator.stub-4.5.0-beta.jar:/home/wso2/.m2/repository/org/wso2/carbon/org.wso2.carbon.tomcat/4.5.0-beta/org.wso2.carbon.tomcat-4.5.0-beta.jar:/home/wso2/.m2/repository/org/wso2/eclipse/equinox/org.eclipse.equinox.common/3.8.0.v20160509-1230/org.eclipse.equinox.common-3.8.0.v20160509-1230.jar:/home/wso2/.m2/repository/org/wso2/carbon/org.wso2.carbon.core.common/4.5.0-beta/org.wso2.carbon.core.common-4.5.0-beta.jar:/home/wso2/.m2/repository/org/eclipse/equinox/org.eclipse.equinox.http.servlet/1.1.400.v20130418-1354/org.eclipse.equinox.http.servlet-1.1.400.v20130418-1354.jar:/home/wso2/.m2/repository/org/eclipse/equinox/javax.servlet.jsp/2.2.0.v201112011158/javax.servlet.jsp-2.2.0.v201112011158.jar:/home/wso2/.m2/repository/org/wso2/carbon/org.wso2.carbon.core.commons.stub/4.5.0-beta/org.wso2.carbon.core.commons.stub-4.5.0-beta.jar:/home/wso2/.m2/repository/org/apache/axis2/wso2/axis2-client/1.6.1-wso2v38/axis2-client-1.6.1-wso2v38.jar:/home/wso2/.m2/repository/org/apache/axis2/wso2/axis2-json/1.6.1-wso2v38/axis2-json-1.6.1-wso2v38.jar:/home/wso2/.m2/repository/org/apache/woden/wso2/woden/1.0.0.M8-wso2v1/woden-1.0.0.M8-wso2v1.jar:/home/wso2/.m2/repository/javax/servlet/jsp/jstl/wso2/jstl/1.2.1.wso2v2/jstl-1.2.1.wso2v2.jar:/home/wso2/.m2/repository/org/wso2/orbit/org/owasp/encoder/encoder/1.2.0.wso2v1/encoder-1.2.0.wso2v1.jar:/home/wso2/.m2/repository/org/wso2/orbit/org/apache/tomcat/tomcat/9.0.22.wso2v1/tomcat-9.0.22.wso2v1.jar:/home/wso2/.m2/repository/org/osgi/org.osgi.service.component.annotations/1.3.0/org.osgi.service.component.annotations-1.3.0.jar:/home/wso2/.m2/repository/org/osgi/org.osgi.annotation/6.0.0/org.osgi.annotation-6.0.0.jar:/home/wso2/.m2/repository/org/osgi/org.osgi.service.metatype.annotations/1.3.0/org.osgi.service.metatype.annotations-1.3.0.jar:/home/wso2/.m2/repository/org/ops4j/pax/logging/pax-logging-api/1.10.1/pax-logging-api-1.10.1.jar:/home/wso2/.m2/repository/org/wso2/carbon/identity/framework/org.wso2.carbon.idp.mgt/5.14.62/org.wso2.carbon.idp.mgt-5.14.62.jar:/home/wso2/.m2/repository/org/json/wso2/json/3.0.0.wso2v1/json-3.0.0.wso2v1.jar:/home/wso2/.m2/repository/org/json/json/20140107/json-20140107.jar:/home/wso2/.m2/repository/org/wso2/carbon/identity/framework/org.wso2.carbon.identity.application.mgt/5.14.62/org.wso2.carbon.identity.application.mgt-5.14.62.jar:/home/wso2/.m2/repository/org/wso2/carbon/identity/framework/org.wso2.carbon.security.mgt/5.14.62/org.wso2.carbon.security.mgt-5.14.62.jar:/home/wso2/.m2/repository/org/apache/rampart/wso2/rampart-policy/1.6.1-wso2v36/rampart-policy-1.6.1-wso2v36.jar:/home/wso2/.m2/repository/org/apache/rampart/wso2/rampart-trust/1.6.1-wso2v36/rampart-trust-1.6.1-wso2v36.jar:/home/wso2/.m2/repository/org/apache/rampart/rampart-trust/1.6.1-wso2v36/rampart-trust-1.6.1-wso2v36.jar:/home/wso2/.m2/repository/backport-util-concurrent/wso2/backport-util-concurrent/3.1.0.wso2v1/backport-util-concurrent-3.1.0.wso2v1.jar:/home/wso2/.m2/repository/org/wso2/carbon/identity/framework/org.wso2.carbon.user.mgt/5.14.62/org.wso2.carbon.user.mgt-5.14.62.jar:/home/wso2/.m2/repository/org/wso2/carbon/identity/framework/org.wso2.carbon.user.mgt.common/5.14.62/org.wso2.carbon.user.mgt.common-5.14.62.jar:/home/wso2/.m2/repository/au/com/bytecode/opencsv/wso2/opencsv/1.8.wso2v1/opencsv-1.8.wso2v1.jar:/home/wso2/.m2/repository/org/apache/poi/wso2/poi-scratchpad/3.9.0.wso2v1/poi-scratchpad-3.9.0.wso2v1.jar:/home/wso2/.m2/repository/org/apache/poi/poi-scratchpad/3.9/poi-scratchpad-3.9.jar:/home/wso2/.m2/repository/org/apache/poi/poi/3.9/poi-3.9.jar:/home/wso2/.m2/repository/org/apache/poi/wso2/poi-ooxml/3.9.0.wso2v1/poi-ooxml-3.9.0.wso2v1.jar:/home/wso2/.m2/repository/org/apache/poi/poi-ooxml/3.9/poi-ooxml-3.9.jar:/home/wso2/.m2/repository/org/apache/poi/poi-ooxml-schemas/3.9/poi-ooxml-schemas-3.9.jar:/home/wso2/.m2/repository/org/apache/xmlbeans/xmlbeans/2.3.0/xmlbeans-2.3.0.jar:/home/wso2/.m2/repository/stax/stax-api/1.0.1/stax-api-1.0.1.jar:/home/wso2/.m2/repository/org/ops4j/pax/logging/pax-logging-log4j2/1.10.1/pax-logging-log4j2-1.10.1.jar:/home/wso2/.m2/repository/org/wso2/carbon/identity/framework/org.wso2.carbon.identity.application.common/5.14.62/org.wso2.carbon.identity.application.common-5.14.62.jar:/home/wso2/.m2/repository/org/wso2/orbit/javax/xml/bind/jaxb-api/2.3.1.wso2v1/jaxb-api-2.3.1.wso2v1.jar:/home/wso2/.m2/repository/org/wso2/carbon/identity/framework/org.wso2.carbon.identity.claim.metadata.mgt/5.14.62/org.wso2.carbon.identity.claim.metadata.mgt-5.14.62.jar:/home/wso2/.m2/repository/org/wso2/carbon/identity/framework/org.wso2.carbon.identity.user.profile/5.14.62/org.wso2.carbon.identity.user.profile-5.14.62.jar:/home/wso2/.m2/repository/org/wso2/carbon/identity/framework/org.wso2.carbon.identity.user.store.configuration/5.14.62/org.wso2.carbon.identity.user.store.configuration-5.14.62.jar:/home/wso2/.m2/repository/org/wso2/carbon/org.wso2.carbon.ndatasource.core/4.5.0-beta/org.wso2.carbon.ndatasource.core-4.5.0-beta.jar:/home/wso2/.m2/repository/org/wso2/carbon/org.wso2.carbon.ndatasource.common/4.5.0-beta/org.wso2.carbon.ndatasource.common-4.5.0-beta.jar:/home/wso2/.m2/repository/org/wso2/carbon/org.wso2.carbon.ndatasource.rdbms/4.5.0-beta/org.wso2.carbon.ndatasource.rdbms-4.5.0-beta.jar:/home/wso2/.m2/repository/org/wso2/eclipse/osgi/org.eclipse.osgi.services/3.5.100.v20160504-1419/org.eclipse.osgi.services-3.5.100.v20160504-1419.jar:/home/wso2/.m2/repository/org/wso2/orbit/org/apache/httpcomponents/httpclient/4.3.1.wso2v2/httpclient-4.3.1.wso2v2.jar:/home/wso2/.m2/repository/org/wso2/carbon/consent/mgt/org.wso2.carbon.consent.mgt.core/2.1.0/org.wso2.carbon.consent.mgt.core-2.1.0.jar:/home/wso2/.m2/repository/org/wso2/carbon/identity/framework/org.wso2.carbon.identity.event/5.14.62/org.wso2.carbon.identity.event-5.14.62.jar:/home/wso2/.m2/repository/org/apache/axis2/transport/axis2-transport-mail/2.0.0-wso2v35/axis2-transport-mail-2.0.0-wso2v35.jar:/home/wso2/.m2/repository/javax/mail/mail/1.4.1/mail-1.4.1.jar:/home/wso2/.m2/repository/javax/activation/activation/1.1/activation-1.1.jar:/home/wso2/.m2/repository/org/apache/axis2/axis2-transport-base/1.6.1-wso2v37/axis2-transport-base-1.6.1-wso2v37.jar:/home/wso2/.m2/repository/org/wso2/orbit/javax/activation/activation/1.1.1.wso2v2/activation-1.1.1.wso2v2.jar:/home/wso2/.m2/repository/org/wso2/carbon/identity/framework/org.wso2.carbon.identity.functions.library.mgt/5.14.62/org.wso2.carbon.identity.functions.library.mgt-5.14.62.jar:/home/wso2/.m2/repository/org/jacoco/org.jacoco.agent/0.7.9/org.jacoco.agent-0.7.9-runtime.jar:/home/wso2/.m2/repository/org/wso2/carbon/identity/conditional/auth/functions/org.wso2.carbon.identity.conditional.auth.functions.common/0.1.40/org.wso2.carbon.identity.conditional.auth.functions.common-0.1.40.jar:/home/wso2/.m2/repository/org/wso2/carbon/identity/governance/org.wso2.carbon.identity.governance/1.1.17/org.wso2.carbon.identity.governance-1.1.17.jar:/home/wso2/.m2/repository/org/wso2/carbon/multitenancy/org.wso2.carbon.tenant.mgt/4.6.0/org.wso2.carbon.tenant.mgt-4.6.0.jar:/home/wso2/.m2/repository/org/wso2/carbon/multitenancy/org.wso2.carbon.tenant.mgt.core/4.6.0/org.wso2.carbon.tenant.mgt.core-4.6.0.jar:/home/wso2/.m2/repository/org/wso2/carbon/identity/org.wso2.carbon.user.mgt/5.1.0/org.wso2.carbon.user.mgt-5.1.0.jar:/home/wso2/.m2/repository/org/wso2/carbon/identity/org.wso2.carbon.identity.core/5.1.0/org.wso2.carbon.identity.core-5.1.0.jar:/home/wso2/.m2/repository/org/wso2/carbon/identity/org.wso2.carbon.um.ws.api/5.1.0/org.wso2.carbon.um.ws.api-5.1.0.jar:/home/wso2/.m2/repository/org/wso2/carbon/identity/org.wso2.carbon.user.mgt.common/5.1.0/org.wso2.carbon.user.mgt.common-5.1.0.jar:/home/wso2/.m2/repository/org/wso2/carbon/identity/org.wso2.carbon.identity.base/5.1.0/org.wso2.carbon.identity.base-5.1.0.jar:/home/wso2/.m2/repository/commons-collections/wso2/commons-collections/3.2.0.wso2v1/commons-collections-3.2.0.wso2v1.jar:/home/wso2/.m2/repository/org/wso2/carbon/identity/org.wso2.carbon.um.ws.api.stub/5.1.0/org.wso2.carbon.um.ws.api.stub-5.1.0.jar:/home/wso2/.m2/repository/org/wso2/carbon/org.wso2.carbon.captcha.mgt/4.2.0/org.wso2.carbon.captcha.mgt-4.2.0.jar:/home/wso2/.m2/repository/kaptcha/wso2/kaptcha/2.3.0.wso2v1/kaptcha-2.3.0.wso2v1.jar:/home/wso2/.m2/repository/com/googlecode/json-simple/wso2/json-simple/1.1.wso2v1/json-simple-1.1.wso2v1.jar:/home/wso2/.m2/repository/com/h2database/wso2/h2-database-engine/1.2.140.wso2v3/h2-database-engine-1.2.140.wso2v3.jar:/home/wso2/.m2/repository/org/wso2/carbon/org.wso2.carbon.utils/4.4.32/org.wso2.carbon.utils-4.4.32.jar:/home/wso2/.m2/repository/org/wso2/carbon/org.wso2.carbon.user.api/4.4.32/org.wso2.carbon.user.api-4.4.32.jar:/home/wso2/.m2/repository/org/wso2/carbon/org.wso2.carbon.queuing/4.4.32/org.wso2.carbon.queuing-4.4.32.jar:/home/wso2/.m2/repository/org/wso2/carbon/org.wso2.carbon.base/4.4.32/org.wso2.carbon.base-4.4.32.jar:/home/wso2/.m2/repository/org/wso2/carbon/org.wso2.carbon.securevault/4.4.32/org.wso2.carbon.securevault-4.4.32.jar:/home/wso2/.m2/repository/org/igniterealtime/smack/wso2/smack/3.0.4.wso2v1/smack-3.0.4.wso2v1.jar:/home/wso2/.m2/repository/org/igniterealtime/smack/wso2/smackx/3.0.4.wso2v1/smackx-3.0.4.wso2v1.jar:/home/wso2/.m2/repository/xerces/wso2/xercesImpl/2.8.1.wso2v2/xercesImpl-2.8.1.wso2v2.jar:/home/wso2/.m2/repository/jaxen/jaxen/1.1.1/jaxen-1.1.1.jar:/home/wso2/.m2/repository/dom4j/dom4j/1.6.1/dom4j-1.6.1.jar:/home/wso2/.m2/repository/jdom/jdom/1.0/jdom-1.0.jar:/home/wso2/.m2/repository/xml-apis/xml-apis/1.3.02/xml-apis-1.3.02.jar:/home/wso2/.m2/repository/xerces/xercesImpl/2.6.2/xercesImpl-2.6.2.jar:/home/wso2/.m2/repository/xom/xom/1.0/xom-1.0.jar:/home/wso2/.m2/repository/xerces/xmlParserAPIs/2.6.2/xmlParserAPIs-2.6.2.jar:/home/wso2/.m2/repository/xalan/xalan/2.6.0/xalan-2.6.0.jar:/home/wso2/.m2/repository/com/ibm/icu/icu4j/2.6.1/icu4j-2.6.1.jar:/home/wso2/.m2/repository/org/wso2/orbit/commons-fileupload/commons-fileupload/1.3.2.wso2v1/commons-fileupload-1.3.2.wso2v1.jar:/home/wso2/.m2/repository/org/apache/ant/wso2/ant/1.7.0.wso2v1/ant-1.7.0.wso2v1.jar:/home/wso2/.m2/repository/org/apache/ant/ant/1.7.0/ant-1.7.0.jar:/home/wso2/.m2/repository/org/apache/ant/ant-launcher/1.7.0/ant-launcher-1.7.0.jar:/home/wso2/.m2/repository/org/eclipse/equinox/javax.servlet/3.0.0.v201112011016/javax.servlet-3.0.0.v201112011016.jar:/home/wso2/.m2/repository/org/wso2/orbit/commons-httpclient/commons-httpclient/3.1.0.wso2v6/commons-httpclient-3.1.0.wso2v6.jar:/home/wso2/.m2/repository/org/wso2/carbon/org.wso2.carbon.registry.api/4.4.32/org.wso2.carbon.registry.api-4.4.32.jar:/home/wso2/.m2/repository/org/testng/testng/6.9.10/testng-6.9.10.jar:/home/wso2/.m2/repository/com/beust/jcommander/1.48/jcommander-1.48.jar:/home/wso2/.m2/repository/org/beanshell/bsh/2.0b4/bsh-2.0b4.jar:/home/wso2/.m2/repository/org/wso2/carbon/identity/conditional/auth/functions/org.wso2.carbon.identity.conditional.auth.functions.test.utils/0.1.40/org.wso2.carbon.identity.conditional.auth.functions.test.utils-0.1.40.jar:/home/wso2/.m2/repository/org/wso2/carbon/identity/framework/org.wso2.carbon.identity.testutil/5.14.62/org.wso2.carbon.identity.testutil-5.14.62.jar:/home/wso2/.m2/repository/org/apache/logging/log4j/log4j-api/2.12.0/log4j-api-2.12.0.jar:/home/wso2/.m2/repository/org/apache/logging/log4j/log4j-core/2.12.0/log4j-core-2.12.0.jar:/home/wso2/.m2/repository/org/powermock/powermock-api-mockito/1.7.3/powermock-api-mockito-1.7.3.jar:/home/wso2/.m2/repository/org/powermock/powermock-api-mockito-common/1.7.3/powermock-api-mockito-common-1.7.3.jar:/home/wso2/.m2/repository/org/powermock/powermock-api-support/1.7.3/powermock-api-support-1.7.3.jar:/home/wso2/.m2/repository/org/mockito/mockito-core/1.10.19/mockito-core-1.10.19.jar:/home/wso2/.m2/repository/org/objenesis/objenesis/2.1/objenesis-2.1.jar:/home/wso2/.m2/repository/org/powermock/powermock-module-testng-common/1.7.3/powermock-module-testng-common-1.7.3.jar:/home/wso2/.m2/repository/org/powermock/powermock-reflect/1.7.3/powermock-reflect-1.7.3.jar:/home/wso2/.m2/repository/org/powermock/powermock-core/1.7.3/powermock-core-1.7.3.jar:/home/wso2/.m2/repository/org/javassist/javassist/3.21.0-GA/javassist-3.21.0-GA.jar:/home/wso2/.m2/repository/org/powermock/powermock-module-testng/1.7.3/powermock-module-testng-1.7.3.jar:/home/wso2/.m2/repository/org/powermock/powermock-module-junit4/1.6.2/powermock-module-junit4-1.6.2.jar:/home/wso2/.m2/repository/org/powermock/powermock-module-junit4-common/1.6.2/powermock-module-junit4-common-1.6.2.jar:/home/wso2/.m2/repository/org/mockito/mockito-all/1.9.5/mockito-all-1.9.5.jar:/home/wso2/.m2/repository/junit/junit/4.12/junit-4.12.jar:/home/wso2/.m2/repository/org/hamcrest/hamcrest-core/1.3/hamcrest-core-1.3.jar:"/>
    <property name="java.vm.vendor" value="Private Build"/>
    <property name="sun.arch.data.model" value="64"/>
    <property name="java.vendor.url" value="http://java.oracle.com/"/>
    <property name="user.timezone" value=""/>
    <property name="java.vm.specification.version" value="1.8"/>
    <property name="os.name" value="Linux"/>
    <property name="user.country" value="US"/>
    <property name="sun.java.launcher" value="SUN_STANDARD"/>
    <property name="sun.boot.library.path" value="/usr/lib/jvm/java-8-openjdk-amd64/jre/lib/amd64"/>
    <property name="sun.java.command" value="/home/wso2/Desktop/nima/identity-application-authz-opa/components/org.wso2.carbon.identity.conditional.auth.functions.opa/target/surefire/surefirebooter5638455167712098494.jar /home/wso2/Desktop/nima/identity-application-authz-opa/components/org.wso2.carbon.identity.conditional.auth.functions.opa/target/surefire 2020-04-06T13-38-57_447-jvmRun1 surefire809690890875732373tmp surefire_06683404288658261741tmp"/>
    <property name="surefire.test.class.path" value="/home/wso2/Desktop/nima/identity-application-authz-opa/components/org.wso2.carbon.identity.conditional.auth.functions.opa/target/test-classes:/home/wso2/Desktop/nima/identity-application-authz-opa/components/org.wso2.carbon.identity.conditional.auth.functions.opa/target/classes:/home/wso2/.m2/repository/commons-lang/wso2/commons-lang/2.6.0.wso2v1/commons-lang-2.6.0.wso2v1.jar:/home/wso2/.m2/repository/org/wso2/carbon/org.wso2.carbon.logging/4.4.32/org.wso2.carbon.logging-4.4.32.jar:/home/wso2/.m2/repository/org/apache/log4j/wso2/log4j/1.2.17.wso2v1/log4j-1.2.17.wso2v1.jar:/home/wso2/.m2/repository/log4j/log4j/1.2.17/log4j-1.2.17.jar:/home/wso2/.m2/repository/commons-logging/commons-logging/1.2/commons-logging-1.2.jar:/home/wso2/.m2/repository/org/wso2/carbon/org.wso2.carbon.bootstrap/4.4.32/org.wso2.carbon.bootstrap-4.4.32.jar:/home/wso2/.m2/repository/wrapper/wrapper/3.2.3/wrapper-3.2.3.jar:/home/wso2/.m2/repository/org/eclipse/osgi/org.eclipse.osgi/3.9.1.v20130814-1242/org.eclipse.osgi-3.9.1.v20130814-1242.jar:/home/wso2/.m2/repository/org/wso2/carbon/org.wso2.carbon.core/4.4.32/org.wso2.carbon.core-4.4.32.jar:/home/wso2/.m2/repository/org/wso2/orbit/com/hazelcast/hazelcast/3.5.4.wso2v2/hazelcast-3.5.4.wso2v2.jar:/home/wso2/.m2/repository/com/hazelcast/hazelcast-all/3.5.4/hazelcast-all-3.5.4.jar:/home/wso2/.m2/repository/org/eclipse/osgi/org.eclipse.osgi.services/3.3.100.v20130513-1956/org.eclipse.osgi.services-3.3.100.v20130513-1956.jar:/home/wso2/.m2/repository/org/eclipse/equinox/org.eclipse.equinox.http.helper/1.1.0.wso2v1/org.eclipse.equinox.http.helper-1.1.0.wso2v1.jar:/home/wso2/.m2/repository/org/wso2/orbit/org/bouncycastle/bcprov-jdk15on/1.52.0.wso2v1/bcprov-jdk15on-1.52.0.wso2v1.jar:/home/wso2/.m2/repository/org/bouncycastle/bcprov-jdk15on/1.52/bcprov-jdk15on-1.52.jar:/home/wso2/.m2/repository/org/wso2/carbon/javax.cache.wso2/4.4.32/javax.cache.wso2-4.4.32.jar:/home/wso2/.m2/repository/org/apache/geronimo/specs/geronimo-jta_1.1_spec/1.1/geronimo-jta_1.1_spec-1.1.jar:/home/wso2/.m2/repository/org/wso2/carbon/org.wso2.carbon.registry.core/4.4.32/org.wso2.carbon.registry.core-4.4.32.jar:/home/wso2/.m2/repository/commons-io/wso2/commons-io/2.4.0.wso2v1/commons-io-2.4.0.wso2v1.jar:/home/wso2/.m2/repository/net/sourceforge/findbugs/annotations/1.3.2/annotations-1.3.2.jar:/home/wso2/.m2/repository/org/apache/ws/commons/schema/wso2/XmlSchema/1.4.7.wso2v3/XmlSchema-1.4.7.wso2v3.jar:/home/wso2/.m2/repository/org/wso2/carbon/org.wso2.carbon.registry.xboot/4.4.32/org.wso2.carbon.registry.xboot-4.4.32.jar:/home/wso2/.m2/repository/org/wso2/securevault/org.wso2.securevault/1.0.0-wso2v2/org.wso2.securevault-1.0.0-wso2v2.jar:/home/wso2/.m2/repository/org/apache/ws/commons/axiom/axiom-api/1.2.11/axiom-api-1.2.11.jar:/home/wso2/.m2/repository/org/apache/geronimo/specs/geronimo-activation_1.1_spec/1.0.2/geronimo-activation_1.1_spec-1.0.2.jar:/home/wso2/.m2/repository/org/apache/geronimo/specs/geronimo-javamail_1.4_spec/1.6/geronimo-javamail_1.4_spec-1.6.jar:/home/wso2/.m2/repository/org/apache/ws/commons/axiom/axiom-impl/1.2.11/axiom-impl-1.2.11.jar:/home/wso2/.m2/repository/org/codehaus/woodstox/wstx-asl/3.2.9/wstx-asl-3.2.9.jar:/home/wso2/.m2/repository/jline/jline/0.9.94/jline-0.9.94.jar:/home/wso2/.m2/repository/commons-cli/commons-cli/1.0/commons-cli-1.0.jar:/home/wso2/.m2/repository/commons-io/commons-io/2.0/commons-io-2.0.jar:/home/wso2/.m2/repository/org/compass-project/wso2/compass/2.0.1.wso2v2/compass-2.0.1.wso2v2.jar:/home/wso2/.m2/repository/org/apache/abdera/wso2/abdera/1.0.0.wso2v3/abdera-1.0.0.wso2v3.jar:/home/wso2/.m2/repository/org/wso2/orbit/org/apache/tomcat/jdbc-pool/7.0.81.wso2v2/jdbc-pool-7.0.81.wso2v2.jar:/home/wso2/.m2/repository/commons-pool/wso2/commons-pool/1.5.6.wso2v1/commons-pool-1.5.6.wso2v1.jar:/home/wso2/.m2/repository/commons-pool/commons-pool/1.5.6/commons-pool-1.5.6.jar:/home/wso2/.m2/repository/org/wso2/carbon/org.wso2.carbon.user.core/4.4.32/org.wso2.carbon.user.core-4.4.32.jar:/home/wso2/.m2/repository/commons-dbcp/wso2/commons-dbcp/1.4.0.wso2v1/commons-dbcp-1.4.0.wso2v1.jar:/home/wso2/.m2/repository/org/wso2/orbit/commons-collections/commons-collections/3.2.2.wso2v1/commons-collections-3.2.2.wso2v1.jar:/home/wso2/.m2/repository/org/apache/axis2/wso2/axis2/1.6.1-wso2v27/axis2-1.6.1-wso2v27.jar:/home/wso2/.m2/repository/org/wso2/orbit/org/apache/neethi/neethi/2.0.4.wso2v5/neethi-2.0.4.wso2v5.jar:/home/wso2/.m2/repository/org/apache/httpcomponents/wso2/httpcore/4.3.3.wso2v1/httpcore-4.3.3.wso2v1.jar:/home/wso2/.m2/repository/com/google/code/gson/gson/2.3.1/gson-2.3.1.jar:/home/wso2/.m2/repository/org/apache/tomcat/tomcat-catalina-ha/7.0.85/tomcat-catalina-ha-7.0.85.jar:/home/wso2/.m2/repository/org/apache/tomcat/tomcat-juli/7.0.85/tomcat-juli-7.0.85.jar:/home/wso2/.m2/repository/org/apache/tomcat/tomcat-tribes/7.0.85/tomcat-tribes-7.0.85.jar:/home/wso2/.m2/repository/org/apache/tomcat/tomcat-catalina/7.0.85/tomcat-catalina-7.0.85.jar:/home/wso2/.m2/repository/org/apache/tomcat/tomcat-annotations-api/7.0.85/tomcat-annotations-api-7.0.85.jar:/home/wso2/.m2/repository/org/apache/tomcat/tomcat-api/7.0.85/tomcat-api-7.0.85.jar:/home/wso2/.m2/repository/org/apache/tomcat/tomcat-util/7.0.85/tomcat-util-7.0.85.jar:/home/wso2/.m2/repository/wsdl4j/wso2/wsdl4j/1.6.2.wso2v4/wsdl4j-1.6.2.wso2v4.jar:/home/wso2/.m2/repository/org/wso2/carbon/identity/framework/org.wso2.carbon.identity.application.authentication.framework/5.14.62/org.wso2.carbon.identity.application.authentication.framework-5.14.62.jar:/home/wso2/.m2/repository/org/wso2/carbon/identity/framework/org.wso2.carbon.identity.template.mgt/5.14.62/org.wso2.carbon.identity.template.mgt-5.14.62.jar:/home/wso2/.m2/repository/org/wso2/carbon/utils/org.wso2.carbon.database.utils/2.0.7/org.wso2.carbon.database.utils-2.0.7.jar:/home/wso2/.m2/repository/commons-dbcp/commons-dbcp/1.4/commons-dbcp-1.4.jar:/home/wso2/.m2/repository/commons-lang/commons-lang/2.6/commons-lang-2.6.jar:/home/wso2/.m2/repository/org/apache/felix/org.apache.felix.scr.ds-annotations/1.2.8/org.apache.felix.scr.ds-annotations-1.2.8.jar:/home/wso2/.m2/repository/org/wso2/carbon/identity/framework/org.wso2.carbon.identity.base/5.14.62/org.wso2.carbon.identity.base-5.14.62.jar:/home/wso2/.m2/repository/org/apache/rampart/wso2/rampart-core/1.6.1-wso2v36/rampart-core-1.6.1-wso2v36.jar:/home/wso2/.m2/repository/org/apache/axis2/axis2-kernel/1.6.1-wso2v37/axis2-kernel-1.6.1-wso2v37.jar:/home/wso2/.m2/repository/org/apache/geronimo/specs/geronimo-ws-metadata_2.0_spec/1.1.2/geronimo-ws-metadata_2.0_spec-1.1.2.jar:/home/wso2/.m2/repository/commons-httpclient/commons-httpclient/3.1/commons-httpclient-3.1.jar:/home/wso2/.m2/repository/wsdl4j/wsdl4j/1.6.2/wsdl4j-1.6.2.jar:/home/wso2/.m2/repository/org/apache/neethi/neethi/2.0.4/neethi-2.0.4.jar:/home/wso2/.m2/repository/org/apache/woden/woden-api/1.0M9/woden-api-1.0M9.jar:/home/wso2/.m2/repository/org/apache/ws/commons/schema/XmlSchema/1.4.7/XmlSchema-1.4.7.jar:/home/wso2/.m2/repository/org/apache/woden/woden-impl-dom/1.0M9/woden-impl-dom-1.0M9.jar:/home/wso2/.m2/repository/org/apache/woden/woden-impl-commons/1.0M9/woden-impl-commons-1.0M9.jar:/home/wso2/.m2/repository/javax/ws/rs/jsr311-api/1.0/jsr311-api-1.0.jar:/home/wso2/.m2/repository/org/opensaml/opensaml1/1.1/opensaml1-1.1.jar:/home/wso2/.m2/repository/org/opensaml/opensaml/2.6.4/opensaml-2.6.4.jar:/home/wso2/.m2/repository/org/opensaml/openws/1.5.4/openws-1.5.4.jar:/home/wso2/.m2/repository/org/opensaml/xmltooling/1.4.4/xmltooling-1.4.4.jar:/home/wso2/.m2/repository/ca/juliusdavies/not-yet-commons-ssl/0.3.9/not-yet-commons-ssl-0.3.9.jar:/home/wso2/.m2/repository/commons-collections/commons-collections/3.2.1/commons-collections-3.2.1.jar:/home/wso2/.m2/repository/org/apache/velocity/velocity/1.7/velocity-1.7.jar:/home/wso2/.m2/repository/org/owasp/esapi/esapi/2.0.1/esapi-2.0.1.jar:/home/wso2/.m2/repository/joda-time/joda-time/2.2/joda-time-2.2.jar:/home/wso2/.m2/repository/org/apache/santuario/xmlsec/1.5.7/xmlsec-1.5.7.jar:/home/wso2/.m2/repository/org/apache/ws/security/wso2/wss4j/1.5.11-wso2v18/wss4j-1.5.11-wso2v18.jar:/home/wso2/.m2/repository/org/wso2/carbon/identity/framework/org.wso2.carbon.identity.core/5.14.62/org.wso2.carbon.identity.core-5.14.62.jar:/home/wso2/.m2/repository/org/wso2/orbit/org/opensaml/opensaml/2.6.6.wso2v3/opensaml-2.6.6.wso2v3.jar:/home/wso2/.m2/repository/org/wso2/orbit/joda-time/joda-time/2.8.2.wso2v1/joda-time-2.8.2.wso2v1.jar:/home/wso2/.m2/repository/org/apache/ws/commons/axiom/wso2/axiom/1.2.11-wso2v16/axiom-1.2.11-wso2v16.jar:/home/wso2/.m2/repository/org/apache/geronimo/specs/wso2/geronimo-stax-api_1.0_spec/1.0.1.wso2v2/geronimo-stax-api_1.0_spec-1.0.1.wso2v2.jar:/home/wso2/.m2/repository/org/apache/geronimo/specs/geronimo-stax-api_1.0_spec/1.0.1/geronimo-stax-api_1.0_spec-1.0.1.jar:/home/wso2/.m2/repository/org/codehaus/woodstox/woodstox-core-asl/4.2.0/woodstox-core-asl-4.2.0.jar:/home/wso2/.m2/repository/org/codehaus/woodstox/stax2-api/3.1.4/stax2-api-3.1.4.jar:/home/wso2/.m2/repository/org/wso2/carbon/commons/org.wso2.carbon.tenant.common/4.7.2/org.wso2.carbon.tenant.common-4.7.2.jar:/home/wso2/.m2/repository/org/apache/commons/commons-lang3/3.1/commons-lang3-3.1.jar:/home/wso2/.m2/repository/org/slf4j/slf4j-api/1.7.21/slf4j-api-1.7.21.jar:/home/wso2/.m2/repository/org/slf4j/slf4j-simple/1.7.21/slf4j-simple-1.7.21.jar:/home/wso2/.m2/repository/ua/parser/wso2/ua-parser/1.3.0.wso2v2/ua-parser-1.3.0.wso2v2.jar:/home/wso2/.m2/repository/commons-codec/wso2/commons-codec/1.4.0.wso2v1/commons-codec-1.4.0.wso2v1.jar:/home/wso2/.m2/repository/commons-codec/commons-codec/1.4/commons-codec-1.4.jar:/home/wso2/.m2/repository/org/wso2/carbon/org.wso2.carbon.ui/4.5.0-beta/org.wso2.carbon.ui-4.5.0-beta.jar:/home/wso2/.m2/repository/org/eclipse/platform/org.eclipse.osgi/3.14.0/org.eclipse.osgi-3.14.0.jar:/home/wso2/.m2/repository/org/apache/tiles/wso2/tiles-jsp/2.0.5.wso2v1/tiles-jsp-2.0.5.wso2v1.jar:/home/wso2/.m2/repository/org/wso2/carbon/org.wso2.carbon.authenticator.proxy/4.5.0-beta/org.wso2.carbon.authenticator.proxy-4.5.0-beta.jar:/home/wso2/.m2/repository/org/wso2/carbon/org.wso2.carbon.authenticator.stub/4.5.0-beta/org.wso2.carbon.authenticator.stub-4.5.0-beta.jar:/home/wso2/.m2/repository/org/wso2/carbon/org.wso2.carbon.tomcat/4.5.0-beta/org.wso2.carbon.tomcat-4.5.0-beta.jar:/home/wso2/.m2/repository/org/wso2/eclipse/equinox/org.eclipse.equinox.common/3.8.0.v20160509-1230/org.eclipse.equinox.common-3.8.0.v20160509-1230.jar:/home/wso2/.m2/repository/org/wso2/carbon/org.wso2.carbon.core.common/4.5.0-beta/org.wso2.carbon.core.common-4.5.0-beta.jar:/home/wso2/.m2/repository/org/eclipse/equinox/org.eclipse.equinox.http.servlet/1.1.400.v20130418-1354/org.eclipse.equinox.http.servlet-1.1.400.v20130418-1354.jar:/home/wso2/.m2/repository/org/eclipse/equinox/javax.servlet.jsp/2.2.0.v201112011158/javax.servlet.jsp-2.2.0.v201112011158.jar:/home/wso2/.m2/repository/org/wso2/carbon/org.wso2.carbon.core.commons.stub/4.5.0-beta/org.wso2.carbon.core.commons.stub-4.5.0-beta.jar:/home/wso2/.m2/repository/org/apache/axis2/wso2/axis2-client/1.6.1-wso2v38/axis2-client-1.6.1-wso2v38.jar:/home/wso2/.m2/repository/org/apache/axis2/wso2/axis2-json/1.6.1-wso2v38/axis2-json-1.6.1-wso2v38.jar:/home/wso2/.m2/repository/org/apache/woden/wso2/woden/1.0.0.M8-wso2v1/woden-1.0.0.M8-wso2v1.jar:/home/wso2/.m2/repository/javax/servlet/jsp/jstl/wso2/jstl/1.2.1.wso2v2/jstl-1.2.1.wso2v2.jar:/home/wso2/.m2/repository/org/wso2/orbit/org/owasp/encoder/encoder/1.2.0.wso2v1/encoder-1.2.0.wso2v1.jar:/home/wso2/.m2/repository/org/wso2/orbit/org/apache/tomcat/tomcat/9.0.22.wso2v1/tomcat-9.0.22.wso2v1.jar:/home/wso2/.m2/repository/org/osgi/org.osgi.service.component.annotations/1.3.0/org.osgi.service.component.annotations-1.3.0.jar:/home/wso2/.m2/repository/org/osgi/org.osgi.annotation/6.0.0/org.osgi.annotation-6.0.0.jar:/home/wso2/.m2/repository/org/osgi/org.osgi.service.metatype.annotations/1.3.0/org.osgi.service.metatype.annotations-1.3.0.jar:/home/wso2/.m2/repository/org/ops4j/pax/logging/pax-logging-api/1.10.1/pax-logging-api-1.10.1.jar:/home/wso2/.m2/repository/org/wso2/carbon/identity/framework/org.wso2.carbon.idp.mgt/5.14.62/org.wso2.carbon.idp.mgt-5.14.62.jar:/home/wso2/.m2/repository/org/json/wso2/json/3.0.0.wso2v1/json-3.0.0.wso2v1.jar:/home/wso2/.m2/repository/org/json/json/20140107/json-20140107.jar:/home/wso2/.m2/repository/org/wso2/carbon/identity/framework/org.wso2.carbon.identity.application.mgt/5.14.62/org.wso2.carbon.identity.application.mgt-5.14.62.jar:/home/wso2/.m2/repository/org/wso2/carbon/identity/framework/org.wso2.carbon.security.mgt/5.14.62/org.wso2.carbon.security.mgt-5.14.62.jar:/home/wso2/.m2/repository/org/apache/rampart/wso2/rampart-policy/1.6.1-wso2v36/rampart-policy-1.6.1-wso2v36.jar:/home/wso2/.m2/repository/org/apache/rampart/wso2/rampart-trust/1.6.1-wso2v36/rampart-trust-1.6.1-wso2v36.jar:/home/wso2/.m2/repository/org/apache/rampart/rampart-trust/1.6.1-wso2v36/rampart-trust-1.6.1-wso2v36.jar:/home/wso2/.m2/repository/backport-util-concurrent/wso2/backport-util-concurrent/3.1.0.wso2v1/backport-util-concurrent-3.1.0.wso2v1.jar:/home/wso2/.m2/repository/org/wso2/carbon/identity/framework/org.wso2.carbon.user.mgt/5.14.62/org.wso2.carbon.user.mgt-5.14.62.jar:/home/wso2/.m2/repository/org/wso2/carbon/identity/framework/org.wso2.carbon.user.mgt.common/5.14.62/org.wso2.carbon.user.mgt.common-5.14.62.jar:/home/wso2/.m2/repository/au/com/bytecode/opencsv/wso2/opencsv/1.8.wso2v1/opencsv-1.8.wso2v1.jar:/home/wso2/.m2/repository/org/apache/poi/wso2/poi-scratchpad/3.9.0.wso2v1/poi-scratchpad-3.9.0.wso2v1.jar:/home/wso2/.m2/repository/org/apache/poi/poi-scratchpad/3.9/poi-scratchpad-3.9.jar:/home/wso2/.m2/repository/org/apache/poi/poi/3.9/poi-3.9.jar:/home/wso2/.m2/repository/org/apache/poi/wso2/poi-ooxml/3.9.0.wso2v1/poi-ooxml-3.9.0.wso2v1.jar:/home/wso2/.m2/repository/org/apache/poi/poi-ooxml/3.9/poi-ooxml-3.9.jar:/home/wso2/.m2/repository/org/apache/poi/poi-ooxml-schemas/3.9/poi-ooxml-schemas-3.9.jar:/home/wso2/.m2/repository/org/apache/xmlbeans/xmlbeans/2.3.0/xmlbeans-2.3.0.jar:/home/wso2/.m2/repository/stax/stax-api/1.0.1/stax-api-1.0.1.jar:/home/wso2/.m2/repository/org/ops4j/pax/logging/pax-logging-log4j2/1.10.1/pax-logging-log4j2-1.10.1.jar:/home/wso2/.m2/repository/org/wso2/carbon/identity/framework/org.wso2.carbon.identity.application.common/5.14.62/org.wso2.carbon.identity.application.common-5.14.62.jar:/home/wso2/.m2/repository/org/wso2/orbit/javax/xml/bind/jaxb-api/2.3.1.wso2v1/jaxb-api-2.3.1.wso2v1.jar:/home/wso2/.m2/repository/org/wso2/carbon/identity/framework/org.wso2.carbon.identity.claim.metadata.mgt/5.14.62/org.wso2.carbon.identity.claim.metadata.mgt-5.14.62.jar:/home/wso2/.m2/repository/org/wso2/carbon/identity/framework/org.wso2.carbon.identity.user.profile/5.14.62/org.wso2.carbon.identity.user.profile-5.14.62.jar:/home/wso2/.m2/repository/org/wso2/carbon/identity/framework/org.wso2.carbon.identity.user.store.configuration/5.14.62/org.wso2.carbon.identity.user.store.configuration-5.14.62.jar:/home/wso2/.m2/repository/org/wso2/carbon/org.wso2.carbon.ndatasource.core/4.5.0-beta/org.wso2.carbon.ndatasource.core-4.5.0-beta.jar:/home/wso2/.m2/repository/org/wso2/carbon/org.wso2.carbon.ndatasource.common/4.5.0-beta/org.wso2.carbon.ndatasource.common-4.5.0-beta.jar:/home/wso2/.m2/repository/org/wso2/carbon/org.wso2.carbon.ndatasource.rdbms/4.5.0-beta/org.wso2.carbon.ndatasource.rdbms-4.5.0-beta.jar:/home/wso2/.m2/repository/org/wso2/eclipse/osgi/org.eclipse.osgi.services/3.5.100.v20160504-1419/org.eclipse.osgi.services-3.5.100.v20160504-1419.jar:/home/wso2/.m2/repository/org/wso2/orbit/org/apache/httpcomponents/httpclient/4.3.1.wso2v2/httpclient-4.3.1.wso2v2.jar:/home/wso2/.m2/repository/org/wso2/carbon/consent/mgt/org.wso2.carbon.consent.mgt.core/2.1.0/org.wso2.carbon.consent.mgt.core-2.1.0.jar:/home/wso2/.m2/repository/org/wso2/carbon/identity/framework/org.wso2.carbon.identity.event/5.14.62/org.wso2.carbon.identity.event-5.14.62.jar:/home/wso2/.m2/repository/org/apache/axis2/transport/axis2-transport-mail/2.0.0-wso2v35/axis2-transport-mail-2.0.0-wso2v35.jar:/home/wso2/.m2/repository/javax/mail/mail/1.4.1/mail-1.4.1.jar:/home/wso2/.m2/repository/javax/activation/activation/1.1/activation-1.1.jar:/home/wso2/.m2/repository/org/apache/axis2/axis2-transport-base/1.6.1-wso2v37/axis2-transport-base-1.6.1-wso2v37.jar:/home/wso2/.m2/repository/org/wso2/orbit/javax/activation/activation/1.1.1.wso2v2/activation-1.1.1.wso2v2.jar:/home/wso2/.m2/repository/org/wso2/carbon/identity/framework/org.wso2.carbon.identity.functions.library.mgt/5.14.62/org.wso2.carbon.identity.functions.library.mgt-5.14.62.jar:/home/wso2/.m2/repository/org/jacoco/org.jacoco.agent/0.7.9/org.jacoco.agent-0.7.9-runtime.jar:/home/wso2/.m2/repository/org/wso2/carbon/identity/conditional/auth/functions/org.wso2.carbon.identity.conditional.auth.functions.common/0.1.40/org.wso2.carbon.identity.conditional.auth.functions.common-0.1.40.jar:/home/wso2/.m2/repository/org/wso2/carbon/identity/governance/org.wso2.carbon.identity.governance/1.1.17/org.wso2.carbon.identity.governance-1.1.17.jar:/home/wso2/.m2/repository/org/wso2/carbon/multitenancy/org.wso2.carbon.tenant.mgt/4.6.0/org.wso2.carbon.tenant.mgt-4.6.0.jar:/home/wso2/.m2/repository/org/wso2/carbon/multitenancy/org.wso2.carbon.tenant.mgt.core/4.6.0/org.wso2.carbon.tenant.mgt.core-4.6.0.jar:/home/wso2/.m2/repository/org/wso2/carbon/identity/org.wso2.carbon.user.mgt/5.1.0/org.wso2.carbon.user.mgt-5.1.0.jar:/home/wso2/.m2/repository/org/wso2/carbon/identity/org.wso2.carbon.identity.core/5.1.0/org.wso2.carbon.identity.core-5.1.0.jar:/home/wso2/.m2/repository/org/wso2/carbon/identity/org.wso2.carbon.um.ws.api/5.1.0/org.wso2.carbon.um.ws.api-5.1.0.jar:/home/wso2/.m2/repository/org/wso2/carbon/identity/org.wso2.carbon.user.mgt.common/5.1.0/org.wso2.carbon.user.mgt.common-5.1.0.jar:/home/wso2/.m2/repository/org/wso2/carbon/identity/org.wso2.carbon.identity.base/5.1.0/org.wso2.carbon.identity.base-5.1.0.jar:/home/wso2/.m2/repository/commons-collections/wso2/commons-collections/3.2.0.wso2v1/commons-collections-3.2.0.wso2v1.jar:/home/wso2/.m2/repository/org/wso2/carbon/identity/org.wso2.carbon.um.ws.api.stub/5.1.0/org.wso2.carbon.um.ws.api.stub-5.1.0.jar:/home/wso2/.m2/repository/org/wso2/carbon/org.wso2.carbon.captcha.mgt/4.2.0/org.wso2.carbon.captcha.mgt-4.2.0.jar:/home/wso2/.m2/repository/kaptcha/wso2/kaptcha/2.3.0.wso2v1/kaptcha-2.3.0.wso2v1.jar:/home/wso2/.m2/repository/com/googlecode/json-simple/wso2/json-simple/1.1.wso2v1/json-simple-1.1.wso2v1.jar:/home/wso2/.m2/repository/com/h2database/wso2/h2-database-engine/1.2.140.wso2v3/h2-database-engine-1.2.140.wso2v3.jar:/home/wso2/.m2/repository/org/wso2/carbon/org.wso2.carbon.utils/4.4.32/org.wso2.carbon.utils-4.4.32.jar:/home/wso2/.m2/repository/org/wso2/carbon/org.wso2.carbon.user.api/4.4.32/org.wso2.carbon.user.api-4.4.32.jar:/home/wso2/.m2/repository/org/wso2/carbon/org.wso2.carbon.queuing/4.4.32/org.wso2.carbon.queuing-4.4.32.jar:/home/wso2/.m2/repository/org/wso2/carbon/org.wso2.carbon.base/4.4.32/org.wso2.carbon.base-4.4.32.jar:/home/wso2/.m2/repository/org/wso2/carbon/org.wso2.carbon.securevault/4.4.32/org.wso2.carbon.securevault-4.4.32.jar:/home/wso2/.m2/repository/org/igniterealtime/smack/wso2/smack/3.0.4.wso2v1/smack-3.0.4.wso2v1.jar:/home/wso2/.m2/repository/org/igniterealtime/smack/wso2/smackx/3.0.4.wso2v1/smackx-3.0.4.wso2v1.jar:/home/wso2/.m2/repository/xerces/wso2/xercesImpl/2.8.1.wso2v2/xercesImpl-2.8.1.wso2v2.jar:/home/wso2/.m2/repository/jaxen/jaxen/1.1.1/jaxen-1.1.1.jar:/home/wso2/.m2/repository/dom4j/dom4j/1.6.1/dom4j-1.6.1.jar:/home/wso2/.m2/repository/jdom/jdom/1.0/jdom-1.0.jar:/home/wso2/.m2/repository/xml-apis/xml-apis/1.3.02/xml-apis-1.3.02.jar:/home/wso2/.m2/repository/xerces/xercesImpl/2.6.2/xercesImpl-2.6.2.jar:/home/wso2/.m2/repository/xom/xom/1.0/xom-1.0.jar:/home/wso2/.m2/repository/xerces/xmlParserAPIs/2.6.2/xmlParserAPIs-2.6.2.jar:/home/wso2/.m2/repository/xalan/xalan/2.6.0/xalan-2.6.0.jar:/home/wso2/.m2/repository/com/ibm/icu/icu4j/2.6.1/icu4j-2.6.1.jar:/home/wso2/.m2/repository/org/wso2/orbit/commons-fileupload/commons-fileupload/1.3.2.wso2v1/commons-fileupload-1.3.2.wso2v1.jar:/home/wso2/.m2/repository/org/apache/ant/wso2/ant/1.7.0.wso2v1/ant-1.7.0.wso2v1.jar:/home/wso2/.m2/repository/org/apache/ant/ant/1.7.0/ant-1.7.0.jar:/home/wso2/.m2/repository/org/apache/ant/ant-launcher/1.7.0/ant-launcher-1.7.0.jar:/home/wso2/.m2/repository/org/eclipse/equinox/javax.servlet/3.0.0.v201112011016/javax.servlet-3.0.0.v201112011016.jar:/home/wso2/.m2/repository/org/wso2/orbit/commons-httpclient/commons-httpclient/3.1.0.wso2v6/commons-httpclient-3.1.0.wso2v6.jar:/home/wso2/.m2/repository/org/wso2/carbon/org.wso2.carbon.registry.api/4.4.32/org.wso2.carbon.registry.api-4.4.32.jar:/home/wso2/.m2/repository/org/testng/testng/6.9.10/testng-6.9.10.jar:/home/wso2/.m2/repository/com/beust/jcommander/1.48/jcommander-1.48.jar:/home/wso2/.m2/repository/org/beanshell/bsh/2.0b4/bsh-2.0b4.jar:/home/wso2/.m2/repository/org/wso2/carbon/identity/conditional/auth/functions/org.wso2.carbon.identity.conditional.auth.functions.test.utils/0.1.40/org.wso2.carbon.identity.conditional.auth.functions.test.utils-0.1.40.jar:/home/wso2/.m2/repository/org/wso2/carbon/identity/framework/org.wso2.carbon.identity.testutil/5.14.62/org.wso2.carbon.identity.testutil-5.14.62.jar:/home/wso2/.m2/repository/org/apache/logging/log4j/log4j-api/2.12.0/log4j-api-2.12.0.jar:/home/wso2/.m2/repository/org/apache/logging/log4j/log4j-core/2.12.0/log4j-core-2.12.0.jar:/home/wso2/.m2/repository/org/powermock/powermock-api-mockito/1.7.3/powermock-api-mockito-1.7.3.jar:/home/wso2/.m2/repository/org/powermock/powermock-api-mockito-common/1.7.3/powermock-api-mockito-common-1.7.3.jar:/home/wso2/.m2/repository/org/powermock/powermock-api-support/1.7.3/powermock-api-support-1.7.3.jar:/home/wso2/.m2/repository/org/mockito/mockito-core/1.10.19/mockito-core-1.10.19.jar:/home/wso2/.m2/repository/org/objenesis/objenesis/2.1/objenesis-2.1.jar:/home/wso2/.m2/repository/org/powermock/powermock-module-testng-common/1.7.3/powermock-module-testng-common-1.7.3.jar:/home/wso2/.m2/repository/org/powermock/powermock-reflect/1.7.3/powermock-reflect-1.7.3.jar:/home/wso2/.m2/repository/org/powermock/powermock-core/1.7.3/powermock-core-1.7.3.jar:/home/wso2/.m2/repository/org/javassist/javassist/3.21.0-GA/javassist-3.21.0-GA.jar:/home/wso2/.m2/repository/org/powermock/powermock-module-testng/1.7.3/powermock-module-testng-1.7.3.jar:/home/wso2/.m2/repository/org/powermock/powermock-module-junit4/1.6.2/powermock-module-junit4-1.6.2.jar:/home/wso2/.m2/repository/org/powermock/powermock-module-junit4-common/1.6.2/powermock-module-junit4-common-1.6.2.jar:/home/wso2/.m2/repository/org/mockito/mockito-all/1.9.5/mockito-all-1.9.5.jar:/home/wso2/.m2/repository/junit/junit/4.12/junit-4.12.jar:/home/wso2/.m2/repository/org/hamcrest/hamcrest-core/1.3/hamcrest-core-1.3.jar:"/>
    <property name="sun.cpu.endian" value="little"/>
    <property name="user.home" value="/home/wso2"/>
    <property name="user.language" value="en"/>
    <property name="java.specification.vendor" value="Oracle Corporation"/>
    <property name="java.home" value="/usr/lib/jvm/java-8-openjdk-amd64/jre"/>
    <property name="basedir" value="/home/wso2/Desktop/nima/identity-application-authz-opa/components/org.wso2.carbon.identity.conditional.auth.functions.opa"/>
    <property name="file.separator" value="/"/>
    <property name="line.separator" value="&#10;"/>
    <property name="java.vm.specification.vendor" value="Oracle Corporation"/>
    <property name="java.specification.name" value="Java Platform API Specification"/>
    <property name="java.awt.graphicsenv" value="sun.awt.X11GraphicsEnvironment"/>
    <property name="surefire.real.class.path" value="/home/wso2/Desktop/nima/identity-application-authz-opa/components/org.wso2.carbon.identity.conditional.auth.functions.opa/target/surefire/surefirebooter5638455167712098494.jar:/home/wso2/.m2/repository/org/jacoco/org.jacoco.agent/0.7.9/org.jacoco.agent-0.7.9-runtime.jar"/>
    <property name="sun.boot.class.path" value="/usr/lib/jvm/java-8-openjdk-amd64/jre/lib/resources.jar:/usr/lib/jvm/java-8-openjdk-amd64/jre/lib/rt.jar:/usr/lib/jvm/java-8-openjdk-amd64/jre/lib/sunrsasign.jar:/usr/lib/jvm/java-8-openjdk-amd64/jre/lib/jsse.jar:/usr/lib/jvm/java-8-openjdk-amd64/jre/lib/jce.jar:/usr/lib/jvm/java-8-openjdk-amd64/jre/lib/charsets.jar:/usr/lib/jvm/java-8-openjdk-amd64/jre/lib/jfr.jar:/usr/lib/jvm/java-8-openjdk-amd64/jre/classes"/>
    <property name="sun.management.compiler" value="HotSpot 64-Bit Tiered Compilers"/>
    <property name="java.runtime.version" value="1.8.0_242-8u242-b08-0ubuntu3~18.04-b08"/>
    <property name="user.name" value="wso2"/>
    <property name="path.separator" value=":"/>
    <property name="os.version" value="4.15.0-88-generic"/>
    <property name="java.endorsed.dirs" value="/usr/lib/jvm/java-8-openjdk-amd64/jre/lib/endorsed"/>
    <property name="java.runtime.name" value="OpenJDK Runtime Environment"/>
    <property name="file.encoding" value="UTF-8"/>
    <property name="java.vm.name" value="OpenJDK 64-Bit Server VM"/>
    <property name="localRepository" value="/home/wso2/.m2/repository"/>
    <property name="java.vendor.url.bug" value="http://bugreport.sun.com/bugreport/"/>
    <property name="java.io.tmpdir" value="/tmp"/>
    <property name="java.version" value="1.8.0_242"/>
    <property name="user.dir" value="/home/wso2/Desktop/nima/identity-application-authz-opa/components/org.wso2.carbon.identity.conditional.auth.functions.opa"/>
    <property name="os.arch" value="amd64"/>
    <property name="java.vm.specification.name" value="Java Virtual Machine Specification"/>
    <property name="java.awt.printerjob" value="sun.print.PSPrinterJob"/>
    <property name="sun.os.patch.level" value="unknown"/>
    <property name="java.library.path" value="/usr/java/packages/lib/amd64:/usr/lib/x86_64-linux-gnu/jni:/lib/x86_64-linux-gnu:/usr/lib/x86_64-linux-gnu:/usr/lib/jni:/lib:/usr/lib"/>
    <property name="java.vm.info" value="mixed mode"/>
    <property name="java.vendor" value="Private Build"/>
    <property name="java.vm.version" value="25.242-b08"/>
    <property name="java.ext.dirs" value="/usr/lib/jvm/java-8-openjdk-amd64/jre/lib/ext:/usr/java/packages/lib/ext"/>
    <property name="sun.io.unicode.encoding" value="UnicodeLittle"/>
    <property name="java.class.version" value="52.0"/>
  </properties>
</testsuite>